Determining if the pthread_create exist failed with the following output:
Change Dir: /home/rodrigo/catkin_ws/build/CMakeFiles/CMakeTmp

Run Build Command(s):/usr/bin/make cmTC_967e0/fast 
/usr/bin/make -f CMakeFiles/cmTC_967e0.dir/build.make CMakeFiles/cmTC_967e0.dir/build
make[1]: Entering directory '/home/rodrigo/catkin_ws/build/CMakeFiles/CMakeTmp'
Building C object CMakeFiles/cmTC_967e0.dir/CheckSymbolExists.c.o
/usr/bin/cc    -o CMakeFiles/cmTC_967e0.dir/CheckSymbolExists.c.o   -c /home/rodrigo/catkin_ws/build/CMakeFiles/CMakeTmp/CheckSymbolExists.c
Linking C executable cmTC_967e0
/usr/local/bin/cmake -E cmake_link_script CMakeFiles/cmTC_967e0.dir/link.txt --verbose=1
/usr/bin/cc      -rdynamic CMakeFiles/cmTC_967e0.dir/CheckSymbolExists.c.o  -o cmTC_967e0 
CMakeFiles/cmTC_967e0.dir/CheckSymbolExists.c.o: In function `main':
CheckSymbolExists.c:(.text+0x14): undefined reference to `pthread_create'
CheckSymbolExists.c:(.text+0x18): undefined reference to `pthread_create'
collect2: error: ld returned 1 exit status
CMakeFiles/cmTC_967e0.dir/build.make:86: recipe for target 'cmTC_967e0' failed
make[1]: *** [cmTC_967e0] Error 1
make[1]: Leaving directory '/home/rodrigo/catkin_ws/build/CMakeFiles/CMakeTmp'
Makefile:121: recipe for target 'cmTC_967e0/fast' failed
make: *** [cmTC_967e0/fast] Error 2

File /home/rodrigo/catkin_ws/build/CMakeFiles/CMakeTmp/CheckSymbolExists.c:
/* */
#include <pthread.h>

int main(int argc, char** argv)
{
  (void)argv;
#ifndef pthread_create
  return ((int*)(&pthread_create))[argc];
#else
  (void)argc;
  return 0;
#endif
}

Determining if the function pthread_create exists in the pthreads failed with the following output:
Change Dir: /home/rodrigo/catkin_ws/build/CMakeFiles/CMakeTmp

Run Build Command(s):/usr/bin/make cmTC_95ba4/fast 
/usr/bin/make -f CMakeFiles/cmTC_95ba4.dir/build.make CMakeFiles/cmTC_95ba4.dir/build
make[1]: Entering directory '/home/rodrigo/catkin_ws/build/CMakeFiles/CMakeTmp'
Building C object CMakeFiles/cmTC_95ba4.dir/CheckFunctionExists.c.o
/usr/bin/cc   -DCHECK_FUNCTION_EXISTS=pthread_create   -o CMakeFiles/cmTC_95ba4.dir/CheckFunctionExists.c.o   -c /usr/local/share/cmake-3.14/Modules/CheckFunctionExists.c
Linking C executable cmTC_95ba4
/usr/local/bin/cmake -E cmake_link_script CMakeFiles/cmTC_95ba4.dir/link.txt --verbose=1
/usr/bin/cc  -DCHECK_FUNCTION_EXISTS=pthread_create    -rdynamic CMakeFiles/cmTC_95ba4.dir/CheckFunctionExists.c.o  -o cmTC_95ba4 -lpthreads 
/usr/bin/ld: cannot find -lpthreads
collect2: error: ld returned 1 exit status
CMakeFiles/cmTC_95ba4.dir/build.make:86: recipe for target 'cmTC_95ba4' failed
make[1]: *** [cmTC_95ba4] Error 1
make[1]: Leaving directory '/home/rodrigo/catkin_ws/build/CMakeFiles/CMakeTmp'
Makefile:121: recipe for target 'cmTC_95ba4/fast' failed
make: *** [cmTC_95ba4/fast] Error 2


